pgxcsfs-kftvhgms	missing in progenetix.analyses
pgxcsfs-kftvicjf	missing in progenetix.analyses
pgxcsfs-kftvh2x3	missing in progenetix.analyses
pgxcsfs-kftvicl0	missing in progenetix.analyses
pgxcsfs-kftvgz05	missing in progenetix.analyses
pgxcsfs-kftvgltt	missing in progenetix.analyses
pgxcsfs-kftvic9r	missing in progenetix.analyses
pgxcsfs-kftvgltq	missing in progenetix.analyses
pgxcsfs-kftvhafx	missing in progenetix.analyses
pgxcsfs-kftvh2w0	missing in progenetix.analyses
pgxcsfs-l08aimbf	missing in progenetix.analyses
pgxcsfs-kftvick8	missing in progenetix.analyses
pgxcsfs-kftvgmeo	missing in progenetix.analyses
pgxcsfs-kftvhafp	missing in progenetix.analyses
pgxcsfs-kftvhbph	missing in progenetix.analyses
pgxcsfs-kftvhcui	missing in progenetix.analyses
pgxcsfs-kftvglu2	missing in progenetix.analyses
pgxcsfs-kftvgt0g	missing in progenetix.analyses
pgxcsfs-kftvh2f2	missing in progenetix.analyses
pgxcsfs-kftvicjq	missing in progenetix.analyses
pgxcsfs-l08aiknd	missing in progenetix.analyses
pgxcsfs-kftvglu5	missing in progenetix.analyses
pgxcsfs-kftvhaep	missing in progenetix.analyses
pgxcsfs-kftviclb	missing in progenetix.analyses
pgxcsfs-kftvh2fp	missing in progenetix.analyses
pgxcsfs-kftvic9m	missing in progenetix.analyses
pgxcsfs-kftvh2fh	missing in progenetix.analyses
pgxcsfs-kftvgme9	missing in progenetix.analyses
pgxcsfs-kftvgmp8	missing in progenetix.analyses
pgxcsfs-kftvhcv3	missing in progenetix.analyses
pgxcsfs-kftvicld	missing in progenetix.analyses
pgxcsfs-kftvhgmw	missing in progenetix.analyses
pgxcsfs-kftvicky	missing in progenetix.analyses
pgxcsfs-kftvguih	missing in progenetix.analyses
pgxcsfs-kftvhdz4	missing in progenetix.analyses
pgxcsfs-kftvhafa	missing in progenetix.analyses
pgxcsfs-kftvhaez	missing in progenetix.analyses
pgxcsfs-kftvgltx	missing in progenetix.analyses
pgxcsfs-kftvghvx	missing in progenetix.analyses
pgxcsfs-kftvhgng	missing in progenetix.analyses
pgxcsfs-kftvh2fj	missing in progenetix.analyses
pgxcsfs-kftvgmew	missing in progenetix.analyses
pgxcsfs-kftvgt04	missing in progenetix.analyses
pgxcsfs-kftvgozu	missing in progenetix.analyses
pgxcsfs-kftvghwf	missing in progenetix.analyses
pgxcsfs-kftvhgn4	missing in progenetix.analyses
pgxcsfs-kftvicjy	missing in progenetix.analyses
pgxcsfs-kftvihed	missing in progenetix.analyses
pgxcsfs-kftvgwgl	missing in progenetix.analyses
pgxcsfs-kftvhbpm	missing in progenetix.analyses
pgxcsfs-kftvghuh	missing in progenetix.analyses
pgxcsfs-l08aimha	missing in progenetix.analyses
pgxcsfs-kftvine0	missing in progenetix.analyses
pgxcsfs-kftvihe9	missing in progenetix.analyses
pgxcsfs-kftvhaf7	missing in progenetix.analyses
pgxcsfs-kftvickh	missing in progenetix.analyses
pgxcsfs-kftvhcu3	missing in progenetix.analyses
pgxcsfs-kftvhcul	missing in progenetix.analyses
pgxcsfs-kftvicku	missing in progenetix.analyses
pgxcsfs-kftvgp3w	missing in progenetix.analyses
pgxcsfs-kftvic9k	missing in progenetix.analyses
pgxcsfs-kftvgoza	missing in progenetix.analyses
pgxcsfs-kftvgmph	missing in progenetix.analyses
pgxcsfs-l08ahwdt	missing in progenetix.analyses
pgxcsfs-kftvhafz	missing in progenetix.analyses
pgxcsfs-kftvghuz	missing in progenetix.analyses
pgxcsfs-kftvgozd	missing in progenetix.analyses
pgxcsfs-kftvick2	missing in progenetix.analyses
pgxcsfs-kftvgz04	missing in progenetix.analyses
pgxcsfs-kftvhb0a	missing in progenetix.analyses
pgxcsfs-kftvgsyj	missing in progenetix.analyses
pgxcsfs-kftvickn	missing in progenetix.analyses
pgxcsfs-l08ainl6	missing in progenetix.analyses
pgxcsfs-kftvgmee	missing in progenetix.analyses
pgxcsfs-kftvj06t	missing in progenetix.analyses
pgxcsfs-kftvhcty	missing in progenetix.analyses
pgxcsfs-kftvghw2	missing in progenetix.analyses
pgxcsfs-kftvicjk	missing in progenetix.analyses
pgxcsfs-kftvhcu0	missing in progenetix.analyses
pgxcsfs-kftvhgmi	missing in progenetix.analyses
pgxcsfs-kftvhcv6	missing in progenetix.analyses
pgxcsfs-kftvicl7	missing in progenetix.analyses
pgxcsfs-kftvhcu8	missing in progenetix.analyses
pgxcsfs-kftvhcaa	missing in progenetix.analyses
pgxcsfs-kftvgmpa	missing in progenetix.analyses
pgxcsfs-kftvic9u	missing in progenetix.analyses
pgxcsfs-kftvhgnc	missing in progenetix.analyses
pgxcsfs-kftvindx	missing in progenetix.analyses
pgxcsfs-kftvgmej	missing in progenetix.analyses
pgxcsfs-kftvh2ew	missing in progenetix.analyses
pgxcsfs-kftvh2fs	missing in progenetix.analyses
pgxcsfs-kftvglu7	missing in progenetix.analyses
pgxcsfs-l08aimi3	missing in progenetix.analyses
pgxcsfs-kftvicli	missing in progenetix.analyses
pgxcsfs-kftvicjx	missing in progenetix.analyses
pgxcsfs-kftvic9j	missing in progenetix.analyses
pgxcsfs-kftvickx	missing in progenetix.analyses
pgxcsfs-kftvglhx	missing in progenetix.analyses
pgxcsfs-kftvhcu6	missing in progenetix.analyses
pgxcsfs-kftvhepl	missing in progenetix.analyses
pgxcsfs-kftvghvm	missing in progenetix.analyses
pgxcsfs-kftvindz	missing in progenetix.analyses
pgxcsfs-kftvgt0e	missing in progenetix.analyses
pgxcsfs-kftvh2fm	missing in progenetix.analyses
pgxcsfs-kftvglu3	missing in progenetix.analyses
pgxcsfs-kftvgmex	missing in progenetix.analyses
pgxcsfs-kftvhcab	missing in progenetix.analyses
pgxcsfs-kftvicl8	missing in progenetix.analyses
pgxcsfs-kftvhcv1	missing in progenetix.analyses
pgxcsfs-kftvickv	missing in progenetix.analyses
pgxcsfs-kftvghvb	missing in progenetix.analyses
pgxcsfs-kftvgoz8	missing in progenetix.analyses
pgxcsfs-kftvgmdz	missing in progenetix.analyses
pgxcsfs-kftvhgnb	missing in progenetix.analyses
pgxcsfs-kftvh0ph	missing in progenetix.analyses
pgxcsfs-kftvhafh	missing in progenetix.analyses
pgxcsfs-kftvha27	missing in progenetix.analyses
pgxcsfs-kftvgmpi	missing in progenetix.analyses
pgxcsfs-kftvhcv8	missing in progenetix.analyses
pgxcsfs-kftvhgn6	missing in progenetix.analyses
pgxcsfs-kftvgtvu	missing in progenetix.analyses
pgxcsfs-kftvghui	missing in progenetix.analyses
pgxcsfs-kftvhcu9	missing in progenetix.analyses
pgxcsfs-kftvhb05	missing in progenetix.analyses
pgxcsfs-kftvgluc	missing in progenetix.analyses
pgxcsfs-kftvhaz6	missing in progenetix.analyses
pgxcsfs-kftvhej0	missing in progenetix.analyses
pgxcsfs-kftvicl5	missing in progenetix.analyses
pgxcsfs-kftvgt0p	missing in progenetix.analyses
pgxcsfs-kftvgsxy	missing in progenetix.analyses
pgxcsfs-kftvick3	missing in progenetix.analyses
pgxcsfs-l08ahw2i	missing in progenetix.analyses
pgxcsfs-kftvhcuw	missing in progenetix.analyses
pgxcsfs-kftvguj3	missing in progenetix.analyses
pgxcsfs-kftvh1tp	missing in progenetix.analyses
pgxcsfs-kftvgp3y	missing in progenetix.analyses
pgxcsfs-kftvick7	missing in progenetix.analyses
pgxcsfs-kftvgmdx	missing in progenetix.analyses
pgxcsfs-kftvhgn9	missing in progenetix.analyses
pgxcsfs-kftvhepo	missing in progenetix.analyses
pgxcsfs-kftvgmem	missing in progenetix.analyses
pgxcsfs-kftvh1tq	missing in progenetix.analyses
pgxcsfs-kftvh2fu	missing in progenetix.analyses
pgxcsfs-kftvhc85	missing in progenetix.analyses
pgxcsfs-kftvghw8	missing in progenetix.analyses
pgxcsfs-kftvhb0s	missing in progenetix.analyses
pgxcsfs-kftvhcuj	missing in progenetix.analyses
pgxcsfs-kftvgzlz	missing in progenetix.analyses
pgxcsfs-kftvhc7d	missing in progenetix.analyses
pgxcsfs-kftvh1te	missing in progenetix.analyses
pgxcsfs-kftvgzxc	missing in progenetix.analyses
pgxcsfs-kftvgsy3	missing in progenetix.analyses
pgxcsfs-kftvhaf9	missing in progenetix.analyses
pgxcsfs-kftvgmdv	missing in progenetix.analyses
pgxcsfs-kftvhebk	missing in progenetix.analyses
pgxcsfs-kftvhafn	missing in progenetix.analyses
pgxcsfs-kftvhb0v	missing in progenetix.analyses
pgxcsfs-kftviclf	missing in progenetix.analyses
pgxcsfs-kftvicjh	missing in progenetix.analyses
pgxcsfs-kftvgoyy	missing in progenetix.analyses
pgxcsfs-kftvgmpf	missing in progenetix.analyses
pgxcsfs-kftvhcuo	missing in progenetix.analyses
pgxcsfs-kftvgz0e	missing in progenetix.analyses
pgxcsfs-kftvgme1	missing in progenetix.analyses
pgxcsfs-kftvhafc	missing in progenetix.analyses
pgxcsfs-kftvhc7x	missing in progenetix.analyses
pgxcsfs-kftvgl9w	missing in progenetix.analyses
pgxcsfs-kftvghwi	missing in progenetix.analyses
pgxcsfs-kftvglty	missing in progenetix.analyses
pgxcsfs-kftvhafr	missing in progenetix.analyses
pgxcsfs-l08aimmh	missing in progenetix.analyses
pgxcsfs-kftva641	missing in progenetix.analyses
pgxcsfs-kftvh6i0	missing in progenetix.analyses
pgxcsfs-kftvheb5	missing in progenetix.analyses
pgxcsfs-kftvgkla	missing in progenetix.analyses
pgxcsfs-kftvhcuy	missing in progenetix.analyses
pgxcsfs-kftvgt0j	missing in progenetix.analyses
pgxcsfs-kftvgmez	missing in progenetix.analyses
pgxcsfs-kftvhgne	missing in progenetix.analyses
pgxcsfs-kftvickm	missing in progenetix.analyses
pgxcsfs-kftvickq	missing in progenetix.analyses
pgxcsfs-kftvh2fo	missing in progenetix.analyses
pgxcsfs-l08aihqd	missing in progenetix.analyses
pgxcsfs-kftvickf	missing in progenetix.analyses
pgxcsfs-l08ahwb0	missing in progenetix.analyses
pgxcsfs-kftvgwy5	missing in progenetix.analyses
pgxcsfs-kftvhaey	missing in progenetix.analyses
pgxcsfs-kftvghwd	missing in progenetix.analyses
pgxcsfs-kftvh1tn	missing in progenetix.analyses
pgxcsfs-kftvgltn	missing in progenetix.analyses
pgxcsfs-kftvgzlv	missing in progenetix.analyses
pgxcsfs-kftvh2vc	missing in progenetix.analyses
pgxcsfs-kftvickp	missing in progenetix.analyses
pgxcsfs-kftvha24	missing in progenetix.analyses
pgxcsfs-kftvhafu	missing in progenetix.analyses
pgxcsfs-kftvicjt	missing in progenetix.analyses
pgxcsfs-kftvheq4	missing in progenetix.analyses
pgxcsfs-kftvhaz9	missing in progenetix.analyses
pgxcsfs-kftvhb0f	missing in progenetix.analyses
pgxcsfs-kftvh2eu	missing in progenetix.analyses
pgxcsfs-kftvgt0h	missing in progenetix.analyses
pgxcsfs-kftvgh35	missing in progenetix.analyses
pgxcsfs-kftvgx8l	missing in progenetix.analyses
pgxcsfs-kftvh2fr	missing in progenetix.analyses
pgxcsfs-kftvgmds	missing in progenetix.analyses
pgxcsfs-kftvhc72	missing in progenetix.analyses
pgxcsfs-kftvhcuq	missing in progenetix.analyses
pgxcsfs-kftvh6hh	missing in progenetix.analyses
pgxcsfs-kftvhaew	missing in progenetix.analyses
pgxcsfs-kftvhcut	missing in progenetix.analyses
pgxcsfs-kftvgl58	missing in progenetix.analyses
pgxcsfs-kftva6d2	missing in progenetix.analyses
pgxcsfs-kftvghuf	missing in progenetix.analyses
pgxcsfs-kftvhgn2	missing in progenetix.analyses
pgxcsfs-kftvgmdu	missing in progenetix.analyses
pgxcsfs-kftvicki	missing in progenetix.analyses
pgxcsfs-kftvgozl	missing in progenetix.analyses
pgxcsfs-kftva6cz	missing in progenetix.analyses
pgxcsfs-kftvhcur	missing in progenetix.analyses
pgxcsfs-kftvihec	missing in progenetix.analyses
pgxcsfs-kftvgsxu	missing in progenetix.analyses
pgxcsfs-kftvgh48	missing in progenetix.analyses
pgxcsfs-kftvhc7q	missing in progenetix.analyses
pgxcsfs-kftvhafj	missing in progenetix.analyses
pgxcsfs-kftvgkl8	missing in progenetix.analyses
pgxcsfs-kftvgz0a	missing in progenetix.analyses
pgxcsfs-kftvgoyv	missing in progenetix.analyses
pgxcsfs-kftvgz07	missing in progenetix.analyses
pgxcsfs-kftvhbpj	missing in progenetix.analyses
pgxcsfs-kftvgp0t	missing in progenetix.analyses
pgxcsfs-kftvhbpk	missing in progenetix.analyses
pgxcsfs-kftvhc80	missing in progenetix.analyses
pgxcsfs-kftvgltl	missing in progenetix.analyses
pgxcsfs-kftvgme7	missing in progenetix.analyses
pgxcsfs-l08aimho	missing in progenetix.analyses
pgxcsfs-kftvh1tf	missing in progenetix.analyses
pgxcsfs-kftvhebf	missing in progenetix.analyses
pgxcsfs-kftvh2f7	missing in progenetix.analyses
pgxcsfs-l08ahw12	missing in progenetix.analyses
pgxcsfs-kftvgh4f	missing in progenetix.analyses
pgxcsfs-kftvh2ez	missing in progenetix.analyses
pgxcsfs-kftvined	missing in progenetix.analyses
pgxcsfs-kftvghuk	missing in progenetix.analyses
pgxcsfs-kftvh2ff	missing in progenetix.analyses
pgxcsfs-kftvheq3	missing in progenetix.analyses
pgxcsfs-kftvhcum	missing in progenetix.analyses
pgxcsfs-kftvgwy7	missing in progenetix.analyses
pgxcsfs-kftvhcub	missing in progenetix.analyses
pgxcsfs-kftvh2fb	missing in progenetix.analyses
pgxcsfs-kftvic9t	missing in progenetix.analyses
pgxcsfs-kftvglu8	missing in progenetix.analyses
pgxcsfs-kftvhaf2	missing in progenetix.analyses
pgxcsfs-kftvhc46	missing in progenetix.analyses
pgxcsfs-l08ai09p	missing in progenetix.analyses
pgxcsfs-kftvgme4	missing in progenetix.analyses
pgxcsfs-kftvgmea	missing in progenetix.analyses
pgxcsfs-l08ahwdf	missing in progenetix.analyses
pgxcsfs-kftvgsz8	missing in progenetix.analyses
pgxcsfs-kftvghum	missing in progenetix.analyses
pgxcsfs-kftvgugf	missing in progenetix.analyses
pgxcsfs-kftvhdz7	missing in progenetix.analyses
pgxcsfs-kftvgmdq	missing in progenetix.analyses
pgxcsfs-kftvick5	missing in progenetix.analyses
pgxcsfs-kftvgoys	missing in progenetix.analyses
pgxcsfs-kftvgt0d	missing in progenetix.analyses
pgxcsfs-kftvgmep	missing in progenetix.analyses
pgxcsfs-kftvhca1	missing in progenetix.analyses
pgxcsfs-kftvghux	missing in progenetix.analyses
pgxcsfs-kftvhgn1	missing in progenetix.analyses
pgxcsfs-kftvhcue	missing in progenetix.analyses
pgxcsfs-kftvicjs	missing in progenetix.analyses
pgxcsfs-kftvgozo	missing in progenetix.analyses
pgxcsfs-kftvgwy8	missing in progenetix.analyses
pgxcsfs-kftvgmec	missing in progenetix.analyses
pgxcsfs-l08ahwcr	missing in progenetix.analyses
pgxcsfs-kftvhb0p	missing in progenetix.analyses
pgxcsfs-kftvghue	missing in progenetix.analyses
pgxcsfs-kftvhaf6	missing in progenetix.analyses
pgxcsfs-kftvhepw	missing in progenetix.analyses
pgxcsfs-kftvglti	missing in progenetix.analyses
pgxcsfs-kftvihea	missing in progenetix.analyses
pgxcsfs-kftvhc9y	missing in progenetix.analyses
pgxcsfs-kftvhgmf	missing in progenetix.analyses
pgxcsfs-kftvh6i5	missing in progenetix.analyses
pgxcsfs-kftvghve	missing in progenetix.analyses
pgxcsfs-kftvhaeu	missing in progenetix.analyses
pgxcsfs-kftvgh34	missing in progenetix.analyses
pgxcsfs-kftvguj5	missing in progenetix.analyses
pgxcsfs-kftvhafs	missing in progenetix.analyses
pgxcsfs-kftvhca6	missing in progenetix.analyses
pgxcsfs-kftvghwk	missing in progenetix.analyses
pgxcsfs-kftvhcuu	missing in progenetix.analyses
pgxcsfs-kftvhc77	missing in progenetix.analyses
pgxcsfs-kftvicjp	missing in progenetix.analyses
pgxcsfs-kftvh2f6	missing in progenetix.analyses
pgxcsfs-kftvglht	missing in progenetix.analyses
pgxcsfs-kftvhepr	missing in progenetix.analyses
pgxcsfs-kftvgoz3	missing in progenetix.analyses
pgxcsfs-kftvglts	missing in progenetix.analyses
pgxcsfs-kftvine2	missing in progenetix.analyses
pgxcsfs-kftvhcu1	missing in progenetix.analyses
pgxcsfs-kftvhazx	missing in progenetix.analyses
pgxcsfs-kftvhafk	missing in progenetix.analyses
pgxcsfs-kftvhcu4	missing in progenetix.analyses
pgxcsfs-kftvicjl	missing in progenetix.analyses
pgxcsfs-kftvhc7f	missing in progenetix.analyses
pgxcsfs-kftvgltp	missing in progenetix.analyses
pgxcsfs-kftvindv	missing in progenetix.analyses
pgxcsfs-kftvheb7	missing in progenetix.analyses
pgxcsfs-kftvgltg	missing in progenetix.analyses
pgxcsfs-kftvh1tm	missing in progenetix.analyses
pgxcsfs-l08ahvw3	missing in progenetix.analyses
pgxcsfs-kftvh1ti	missing in progenetix.analyses
pgxcsfs-kftvhcv4	missing in progenetix.analyses
pgxcsfs-kftvgp3v	missing in progenetix.analyses
pgxcsfs-kftvgmpd	missing in progenetix.analyses
pgxcsfs-kftvh2ey	missing in progenetix.analyses
pgxcsfs-kftvh6i8	missing in progenetix.analyses
pgxcsfs-kftvglud	missing in progenetix.analyses
pgxcsfs-kftvghvi	missing in progenetix.analyses
pgxcsfs-kftvglu0	missing in progenetix.analyses
pgxcsfs-kftvh1tu	missing in progenetix.analyses
pgxcsfs-kftvgmdn	missing in progenetix.analyses
pgxcsfs-kftviibs	missing in progenetix.analyses
pgxcsfs-kftvhepy	missing in progenetix.analyses
pgxcsfs-kftvhcuz	missing in progenetix.analyses
pgxcsfs-kftvh2f4	missing in progenetix.analyses
pgxcsfs-kftvgme2	missing in progenetix.analyses
pgxcsfs-kftvicjn	missing in progenetix.analyses