existing id pgxcsfs-kftvgif9 in progenetix.analyses => please check or remove
existing id pgxcsfs-kftvgifa in progenetix.analyses => please check or remove
existing id pgxcsfs-kftvgifc in progenetix.analyses => please check or remove
existing id pgxcsfs-kftvgif0 in progenetix.analyses => please check or remove
existing id pgxcsfs-kftvgig1 in progenetix.analyses => please check or remove
existing id pgxcsfs-kftvgig4 in progenetix.analyses => please check or remove
existing id pgxcsfs-kftvgig7 in progenetix.analyses => please check or remove
existing id pgxcsfs-kftvgigb in progenetix.analyses => please check or remove
existing id pgxcsfs-kftvgicz in progenetix.analyses => please check or remove
existing id pgxcsfs-kftvgicw in progenetix.analyses => please check or remove
existing id pgxcsfs-kftvgid1 in progenetix.analyses => please check or remove
existing id pgxcsfs-kftvgid5 in progenetix.analyses => please check or remove
existing id pgxcsfs-kftvgicy in progenetix.analyses => please check or remove
existing id pgxcsfs-kftvgicn in progenetix.analyses => please check or remove
existing id pgxcsfs-kftvgicl in progenetix.analyses => please check or remove
existing id pgxcsfs-kftvgicb in progenetix.analyses => please check or remove
existing id pgxcsfs-kftvgicd in progenetix.analyses => please check or remove
existing id pgxcsfs-kftvgict in progenetix.analyses => please check or remove
existing id pgxcsfs-kftvgicv in progenetix.analyses => please check or remove
existing id pgxcsfs-kftvgibs in progenetix.analyses => please check or remove
existing id pgxcsfs-kftvgil5 in progenetix.analyses => please check or remove
existing id pgxcsfs-kftvgila in progenetix.analyses => please check or remove
existing id pgxcsfs-kftvgilk in progenetix.analyses => please check or remove
existing id pgxcsfs-kftvgi7u in progenetix.analyses => please check or remove
existing id pgxcsfs-kftvghqi in progenetix.analyses => please check or remove
existing id pgxcsfs-kftvghql in progenetix.analyses => please check or remove
existing id pgxcsfs-kftvghr2 in progenetix.analyses => please check or remove
existing id pgxcsfs-kftvhd81 in progenetix.analyses => please check or remove
existing id pgxcsfs-kftvhd89 in progenetix.analyses => please check or remove
existing id pgxcsfs-kftvh5v9 in progenetix.analyses => please check or remove
existing id pgxcsfs-kftvh5vb in progenetix.analyses => please check or remove
existing id pgxcsfs-kftvh5vc in progenetix.analyses => please check or remove
existing id pgxcsfs-kftvh5ve in progenetix.analyses => please check or remove
existing id pgxcsfs-kftvh5vg in progenetix.analyses => please check or remove
existing id pgxcsfs-kftvh5vh in progenetix.analyses => please check or remove
existing id pgxcsfs-kftvh5vj in progenetix.analyses => please check or remove
existing id pgxcsfs-kftvh5vk in progenetix.analyses => please check or remove
existing id pgxcsfs-kftvh5vp in progenetix.analyses => please check or remove
existing id pgxcsfs-kftvh5vs in progenetix.analyses => please check or remove
existing id pgxcsfs-kftvh5vu in progenetix.analyses => please check or remove
existing id pgxcsfs-kftvh5vw in progenetix.analyses => please check or remove
existing id pgxcsfs-kftvha0v in progenetix.analyses => please check or remove
existing id pgxcsfs-kftvha12 in progenetix.analyses => please check or remove
existing id pgxcsfs-kftvha14 in progenetix.analyses => please check or remove
existing id pgxcsfs-kftvha16 in progenetix.analyses => please check or remove
existing id pgxcsfs-kftvha18 in progenetix.analyses => please check or remove
existing id pgxcsfs-kftvha19 in progenetix.analyses => please check or remove
existing id pgxcsfs-kftvha0z in progenetix.analyses => please check or remove
existing id pgxcsfs-kftvha11 in progenetix.analyses => please check or remove
existing id pgxcsfs-kftvh70j in progenetix.analyses => please check or remove
existing id pgxcsfs-kftvh70l in progenetix.analyses => please check or remove
existing id pgxcsfs-kftvh70n in progenetix.analyses => please check or remove
existing id pgxcsfs-kftvh70b in progenetix.analyses => please check or remove
existing id pgxcsfs-kftvh70d in progenetix.analyses => please check or remove
existing id pgxcsfs-kftvhf4a in progenetix.analyses => please check or remove
existing id pgxcsfs-kftvhf4f in progenetix.analyses => please check or remove
existing id pgxcsfs-kftvhf4d in progenetix.analyses => please check or remove
existing id pgxcsfs-kftvhf4c in progenetix.analyses => please check or remove
existing id pgxcsfs-kftvglmm in progenetix.analyses => please check or remove
existing id pgxcsfs-kftvisb4 in progenetix.analyses => please check or remove
existing id pgxcsfs-kftvisb7 in progenetix.analyses => please check or remove
existing id pgxcsfs-kftvisbc in progenetix.analyses => please check or remove
existing id pgxcsfs-kftvisbf in progenetix.analyses => please check or remove
existing id pgxcsfs-kftvisbz in progenetix.analyses => please check or remove
existing id pgxcsfs-kftviscb in progenetix.analyses => please check or remove
existing id pgxcsfs-kftviscq in progenetix.analyses => please check or remove
existing id pgxcsfs-kftvhej9 in progenetix.analyses => please check or remove
existing id pgxcsfs-kftvhejd in progenetix.analyses => please check or remove
existing id pgxcsfs-kftvheje in progenetix.analyses => please check or remove
existing id pgxcsfs-kftvhejg in progenetix.analyses => please check or remove
existing id pgxcsfs-kftvhejh in progenetix.analyses => please check or remove
existing id pgxcsfs-kftvhejj in progenetix.analyses => please check or remove
existing id pgxcsfs-kftvhejl in progenetix.analyses => please check or remove
existing id pgxcsfs-kftvhejm in progenetix.analyses => please check or remove
existing id pgxcsfs-kftvhejo in progenetix.analyses => please check or remove
existing id pgxcsfs-kftvhejq in progenetix.analyses => please check or remove
existing id pgxcsfs-kftvhejr in progenetix.analyses => please check or remove
existing id pgxcsfs-kftvhejt in progenetix.analyses => please check or remove
existing id pgxcsfs-kftvhejv in progenetix.analyses => please check or remove
existing id pgxcsfs-kftvhejx in progenetix.analyses => please check or remove
existing id pgxcsfs-kftvhek2 in progenetix.analyses => please check or remove
existing id pgxcsfs-kftvgzsr in progenetix.analyses => please check or remove